Determining if the pthread_create exist failed with the following output:
Change Dir: /home/kumakai/workspace/my_gazebo/build/CMakeFiles/CMakeTmp

Run Build Command:"/usr/bin/make" "cmTC_99772/fast"
/usr/bin/make -f CMakeFiles/cmTC_99772.dir/build.make CMakeFiles/cmTC_99772.dir/build
make[1]: Entering directory '/home/kumakai/workspace/my_gazebo/build/CMakeFiles/CMakeTmp'
Building C object CMakeFiles/cmTC_99772.dir/CheckSymbolExists.c.o
/usr/bin/cc     -o CMakeFiles/cmTC_99772.dir/CheckSymbolExists.c.o   -c /home/kumakai/workspace/my_gazebo/build/CMakeFiles/CMakeTmp/CheckSymbolExists.c
Linking C executable cmTC_99772
/usr/bin/cmake -E cmake_link_script CMakeFiles/cmTC_99772.dir/link.txt --verbose=1
/usr/bin/cc       CMakeFiles/cmTC_99772.dir/CheckSymbolExists.c.o  -o cmTC_99772 -rdynamic 
CMakeFiles/cmTC_99772.dir/CheckSymbolExists.c.o: 於函式 main:
CheckSymbolExists.c:(.text+0x16): 未定義參考到「pthread_create」
collect2: error: ld returned 1 exit status
CMakeFiles/cmTC_99772.dir/build.make:97: recipe for target 'cmTC_99772' failed
make[1]: *** [cmTC_99772] Error 1
make[1]: Leaving directory '/home/kumakai/workspace/my_gazebo/build/CMakeFiles/CMakeTmp'
Makefile:126: recipe for target 'cmTC_99772/fast' failed
make: *** [cmTC_99772/fast] Error 2

File /home/kumakai/workspace/my_gazebo/build/CMakeFiles/CMakeTmp/CheckSymbolExists.c:
/* */
#include <pthread.h>

int main(int argc, char** argv)
{
  (void)argv;
#ifndef pthread_create
  return ((int*)(&pthread_create))[argc];
#else
  (void)argc;
  return 0;
#endif
}

Determining if the function pthread_create exists in the pthreads failed with the following output:
Change Dir: /home/kumakai/workspace/my_gazebo/build/CMakeFiles/CMakeTmp

Run Build Command:"/usr/bin/make" "cmTC_07cac/fast"
/usr/bin/make -f CMakeFiles/cmTC_07cac.dir/build.make CMakeFiles/cmTC_07cac.dir/build
make[1]: Entering directory '/home/kumakai/workspace/my_gazebo/build/CMakeFiles/CMakeTmp'
Building C object CMakeFiles/cmTC_07cac.dir/CheckFunctionExists.c.o
/usr/bin/cc    -DCHECK_FUNCTION_EXISTS=pthread_create   -o CMakeFiles/cmTC_07cac.dir/CheckFunctionExists.c.o   -c /usr/share/cmake-3.5/Modules/CheckFunctionExists.c
Linking C executable cmTC_07cac
/usr/bin/cmake -E cmake_link_script CMakeFiles/cmTC_07cac.dir/link.txt --verbose=1
/usr/bin/cc   -DCHECK_FUNCTION_EXISTS=pthread_create    CMakeFiles/cmTC_07cac.dir/CheckFunctionExists.c.o  -o cmTC_07cac -rdynamic -lpthreads 
/usr/bin/ld: 找不到 -lpthreads
collect2: error: ld returned 1 exit status
CMakeFiles/cmTC_07cac.dir/build.make:97: recipe for target 'cmTC_07cac' failed
make[1]: *** [cmTC_07cac] Error 1
make[1]: Leaving directory '/home/kumakai/workspace/my_gazebo/build/CMakeFiles/CMakeTmp'
Makefile:126: recipe for target 'cmTC_07cac/fast' failed
make: *** [cmTC_07cac/fast] Error 2


