Determining if the pthread_create exist failed with the following output:
Change Dir: /home/shabadabadoo/workspace/dataglove/build/CMakeFiles/CMakeTmp

Run Build Command:"/usr/bin/make" "cmTC_732ec/fast"
/usr/bin/make -f CMakeFiles/cmTC_732ec.dir/build.make CMakeFiles/cmTC_732ec.dir/build
make[1]: Entering directory '/home/shabadabadoo/workspace/dataglove/build/CMakeFiles/CMakeTmp'
Building C object CMakeFiles/cmTC_732ec.dir/CheckSymbolExists.c.o
/usr/bin/cc     -o CMakeFiles/cmTC_732ec.dir/CheckSymbolExists.c.o   -c /home/shabadabadoo/workspace/dataglove/build/CMakeFiles/CMakeTmp/CheckSymbolExists.c
Linking C executable cmTC_732ec
/usr/bin/cmake -E cmake_link_script CMakeFiles/cmTC_732ec.dir/link.txt --verbose=1
/usr/bin/cc       CMakeFiles/cmTC_732ec.dir/CheckSymbolExists.c.o  -o cmTC_732ec -rdynamic 
CMakeFiles/cmTC_732ec.dir/CheckSymbolExists.c.o: 於函式 main:
CheckSymbolExists.c:(.text+0x16): 未定義參考到「pthread_create」
collect2: error: ld returned 1 exit status
CMakeFiles/cmTC_732ec.dir/build.make:97: recipe for target 'cmTC_732ec' failed
make[1]: *** [cmTC_732ec] Error 1
make[1]: Leaving directory '/home/shabadabadoo/workspace/dataglove/build/CMakeFiles/CMakeTmp'
Makefile:126: recipe for target 'cmTC_732ec/fast' failed
make: *** [cmTC_732ec/fast] Error 2

File /home/shabadabadoo/workspace/dataglove/build/CMakeFiles/CMakeTmp/CheckSymbolExists.c:
/* */
#include <pthread.h>

int main(int argc, char** argv)
{
  (void)argv;
#ifndef pthread_create
  return ((int*)(&pthread_create))[argc];
#else
  (void)argc;
  return 0;
#endif
}

Determining if the function pthread_create exists in the pthreads failed with the following output:
Change Dir: /home/shabadabadoo/workspace/dataglove/build/CMakeFiles/CMakeTmp

Run Build Command:"/usr/bin/make" "cmTC_fb066/fast"
/usr/bin/make -f CMakeFiles/cmTC_fb066.dir/build.make CMakeFiles/cmTC_fb066.dir/build
make[1]: Entering directory '/home/shabadabadoo/workspace/dataglove/build/CMakeFiles/CMakeTmp'
Building C object CMakeFiles/cmTC_fb066.dir/CheckFunctionExists.c.o
/usr/bin/cc    -DCHECK_FUNCTION_EXISTS=pthread_create   -o CMakeFiles/cmTC_fb066.dir/CheckFunctionExists.c.o   -c /usr/share/cmake-3.5/Modules/CheckFunctionExists.c
Linking C executable cmTC_fb066
/usr/bin/cmake -E cmake_link_script CMakeFiles/cmTC_fb066.dir/link.txt --verbose=1
/usr/bin/cc   -DCHECK_FUNCTION_EXISTS=pthread_create    CMakeFiles/cmTC_fb066.dir/CheckFunctionExists.c.o  -o cmTC_fb066 -rdynamic -lpthreads 
/usr/bin/ld: 找不到 -lpthreads
collect2: error: ld returned 1 exit status
CMakeFiles/cmTC_fb066.dir/build.make:97: recipe for target 'cmTC_fb066' failed
make[1]: *** [cmTC_fb066] Error 1
make[1]: Leaving directory '/home/shabadabadoo/workspace/dataglove/build/CMakeFiles/CMakeTmp'
Makefile:126: recipe for target 'cmTC_fb066/fast' failed
make: *** [cmTC_fb066/fast] Error 2


