Determining if the pthread_create exist failed with the following output:
Change Dir: /home/kumakai/workspace/opencv_ws/build/CMakeFiles/CMakeTmp

Run Build Command:"/usr/bin/make" "cmTC_9e888/fast"
/usr/bin/make -f CMakeFiles/cmTC_9e888.dir/build.make CMakeFiles/cmTC_9e888.dir/build
make[1]: Entering directory '/home/kumakai/workspace/opencv_ws/build/CMakeFiles/CMakeTmp'
Building C object CMakeFiles/cmTC_9e888.dir/CheckSymbolExists.c.o
/usr/bin/cc     -o CMakeFiles/cmTC_9e888.dir/CheckSymbolExists.c.o   -c /home/kumakai/workspace/opencv_ws/build/CMakeFiles/CMakeTmp/CheckSymbolExists.c
Linking C executable cmTC_9e888
/usr/bin/cmake -E cmake_link_script CMakeFiles/cmTC_9e888.dir/link.txt --verbose=1
/usr/bin/cc       CMakeFiles/cmTC_9e888.dir/CheckSymbolExists.c.o  -o cmTC_9e888 -rdynamic 
CMakeFiles/cmTC_9e888.dir/CheckSymbolExists.c.o: 於函式 main:
CheckSymbolExists.c:(.text+0x16): 未定義參考到「pthread_create」
collect2: error: ld returned 1 exit status
CMakeFiles/cmTC_9e888.dir/build.make:97: recipe for target 'cmTC_9e888' failed
make[1]: *** [cmTC_9e888] Error 1
make[1]: Leaving directory '/home/kumakai/workspace/opencv_ws/build/CMakeFiles/CMakeTmp'
Makefile:126: recipe for target 'cmTC_9e888/fast' failed
make: *** [cmTC_9e888/fast] Error 2

File /home/kumakai/workspace/opencv_ws/build/CMakeFiles/CMakeTmp/CheckSymbolExists.c:
/* */
#include <pthread.h>

int main(int argc, char** argv)
{
  (void)argv;
#ifndef pthread_create
  return ((int*)(&pthread_create))[argc];
#else
  (void)argc;
  return 0;
#endif
}

Determining if the function pthread_create exists in the pthreads failed with the following output:
Change Dir: /home/kumakai/workspace/opencv_ws/build/CMakeFiles/CMakeTmp

Run Build Command:"/usr/bin/make" "cmTC_23829/fast"
/usr/bin/make -f CMakeFiles/cmTC_23829.dir/build.make CMakeFiles/cmTC_23829.dir/build
make[1]: Entering directory '/home/kumakai/workspace/opencv_ws/build/CMakeFiles/CMakeTmp'
Building C object CMakeFiles/cmTC_23829.dir/CheckFunctionExists.c.o
/usr/bin/cc    -DCHECK_FUNCTION_EXISTS=pthread_create   -o CMakeFiles/cmTC_23829.dir/CheckFunctionExists.c.o   -c /usr/share/cmake-3.5/Modules/CheckFunctionExists.c
Linking C executable cmTC_23829
/usr/bin/cmake -E cmake_link_script CMakeFiles/cmTC_23829.dir/link.txt --verbose=1
/usr/bin/cc   -DCHECK_FUNCTION_EXISTS=pthread_create    CMakeFiles/cmTC_23829.dir/CheckFunctionExists.c.o  -o cmTC_23829 -rdynamic -lpthreads 
/usr/bin/ld: 找不到 -lpthreads
collect2: error: ld returned 1 exit status
CMakeFiles/cmTC_23829.dir/build.make:97: recipe for target 'cmTC_23829' failed
make[1]: *** [cmTC_23829] Error 1
make[1]: Leaving directory '/home/kumakai/workspace/opencv_ws/build/CMakeFiles/CMakeTmp'
Makefile:126: recipe for target 'cmTC_23829/fast' failed
make: *** [cmTC_23829/fast] Error 2


